mode: set
github.com/rajajamal/manual-parse/main.go:20.30,22.2 1 1
github.com/rajajamal/manual-parse/main.go:24.35,25.23 1 1
github.com/rajajamal/manual-parse/main.go:28.2,28.12 1 1
github.com/rajajamal/manual-parse/main.go:25.23,27.3 1 1
github.com/rajajamal/manual-parse/main.go:31.47,35.20 4 1
github.com/rajajamal/manual-parse/main.go:39.2,39.44 1 1
github.com/rajajamal/manual-parse/main.go:44.2,45.16 2 1
github.com/rajajamal/manual-parse/main.go:48.2,50.15 2 1
github.com/rajajamal/manual-parse/main.go:35.20,37.3 1 1
github.com/rajajamal/manual-parse/main.go:39.44,42.3 2 1
github.com/rajajamal/manual-parse/main.go:45.16,47.3 1 1
github.com/rajajamal/manual-parse/main.go:54.56,60.38 5 1
github.com/rajajamal/manual-parse/main.go:63.2,64.20 2 1
github.com/rajajamal/manual-parse/main.go:67.2,67.18 1 1
github.com/rajajamal/manual-parse/main.go:60.38,62.3 1 0
github.com/rajajamal/manual-parse/main.go:64.20,66.3 1 1
github.com/rajajamal/manual-parse/main.go:70.52,72.34 2 1
github.com/rajajamal/manual-parse/main.go:72.34,74.3 1 1
github.com/rajajamal/manual-parse/main.go:77.55,78.18 1 1
github.com/rajajamal/manual-parse/main.go:83.2,84.16 2 1
github.com/rajajamal/manual-parse/main.go:87.2,88.12 2 1
github.com/rajajamal/manual-parse/main.go:78.18,81.3 2 1
github.com/rajajamal/manual-parse/main.go:84.16,86.3 1 1
github.com/rajajamal/manual-parse/main.go:91.13,93.16 2 0
github.com/rajajamal/manual-parse/main.go:98.2,99.16 2 0
github.com/rajajamal/manual-parse/main.go:105.2,106.16 2 0
github.com/rajajamal/manual-parse/main.go:93.16,97.3 3 0
github.com/rajajamal/manual-parse/main.go:99.16,103.3 3 0
github.com/rajajamal/manual-parse/main.go:106.16,109.3 2 0
